<?xml version="1.0" encoding="UTF-8"?>
<!-- Generated by org.testng.reporters.JUnitReportReporter -->
<testsuite hostname="Tomax" failures="0" tests="22" name="tomaGradeSanity.OnlineExamsTests" time="148.374" errors="0" timestamp="2023-05-01T11:17:33 IDT" skipped="6">
  <testcase classname="tomaGradeSanity.OnlineExamsTests" name="test_06_verifyApproveButtonAvailability" time="0.109"/>
  <system-out/>
  <testcase classname="tomaGradeSanity.OnlineExamsTests" name="test_14_verifyCorrectGradeUsingMainGAnnotation" time="24.298"/>
  <system-out/>
  <testcase classname="tomaGradeSanity.OnlineExamsTests" name="test_03_verifyNextAndPreviousExamButtons" time="0.187"/>
  <system-out/>
  <testcase classname="tomaGradeSanity.OnlineExamsTests" name="test_17_verifyMaxPossibleGradeUsingVAnnotation" time="24.145"/>
  <system-out/>
  <testcase classname="tomaGradeSanity.OnlineExamsTests" name="test_09_verifyActionLinksButtonsAreAvailable" time="0.161"/>
  <system-out/>
  <testcase classname="tomaGradeSanity.OnlineExamsTests" name="test_05_verifyPageNumberIsDisplayed" time="0.053"/>
  <system-out/>
  <testcase classname="tomaGradeSanity.OnlineExamsTests" name="test_01_verifyAvailableGradingModesAndTheirDefault" time="0.104"/>
  <system-out/>
  <testcase classname="tomaGradeSanity.OnlineExamsTests" name="test_08_verifyBackToStudentsButtonProperties" time="0.060"/>
  <system-out/>
  <testcase classname="tomaGradeSanity.OnlineExamsTests" name="test_15_verifyMaxPossibleGradeUsingVAnnotation" time="24.108"/>
  <system-out/>
  <testcase classname="tomaGradeSanity.OnlineExamsTests" name="test_02_verifySelectedCourseDetails" time="0.048"/>
  <system-out/>
  <testcase classname="tomaGradeSanity.OnlineExamsTests" name="test_12_verifyNumOfAnnotationToolbarSections" time="0.017"/>
  <system-out/>
  <testcase classname="tomaGradeSanity.OnlineExamsTests" name="test_07_verifyCorrectNumberOfExamines" time="0.019"/>
  <system-out/>
  <testcase classname="tomaGradeSanity.OnlineExamsTests" name="test_16_verifyCorrectGradeAndCommentCorrectnessUsingInternalGAnnotation" time="36.801"/>
  <system-out/>
  <testcase classname="tomaGradeSanity.OnlineExamsTests" name="test_11_verifyActionLinksHiddenText" time="0.111"/>
  <system-out/>
  <testcase classname="tomaGradeSanity.OnlineExamsTests" name="test_04_verifyStudentID" time="0.051"/>
  <system-out/>
  <testcase classname="tomaGradeSanity.OnlineExamsTests" name="test_13_verifyMaxPointsAndCommentCorrectnessUsingMainGAnnotation" time="38.102"/>
  <system-out/>
  <testcase classname="tomaGradeSanity.OnlineExamsTests" name="test_19_verifyHalfOfMaxPossibleGradeAndCommentCorrectnessUsingCrossedVAnnotation">
    <skipped/>
  </testcase> <!-- test_19_verifyHalfOfMaxPossibleGradeAndCommentCorrectnessUsingCrossedVAnnotation -->
  <system-out/>
  <testcase classname="tomaGradeSanity.OnlineExamsTests" name="test_20_verifyNoAnswerIndicationAndCommentCorrectnessUsingNoAnswerAnnotation">
    <skipped/>
  </testcase> <!-- test_20_verifyNoAnswerIndicationAndCommentCorrectnessUsingNoAnswerAnnotation -->
  <system-out/>
  <testcase classname="tomaGradeSanity.OnlineExamsTests" name="test_10_verifyActionLinksHiddenTextDisplayedWhenHovered">
    <skipped/>
  </testcase> <!-- test_10_verifyActionLinksHiddenTextDisplayedWhenHovered -->
  <system-out/>
  <testcase classname="tomaGradeSanity.OnlineExamsTests" name="test_18_verifyZeroGradeAndCommentCorrectnessUsingXAnnotation">
    <skipped/>
  </testcase> <!-- test_18_verifyZeroGradeAndCommentCorrectnessUsingXAnnotation -->
  <system-out/>
  <testcase classname="tomaGradeSanity.OnlineExamsTests" name="test_22_verifyCorrectGradeAndCommentCorrectnessUsingMinusAnnotation">
    <skipped/>
  </testcase> <!-- test_22_verifyCorrectGradeAndCommentCorrectnessUsingMinusAnnotation -->
  <system-out/>
  <testcase classname="tomaGradeSanity.OnlineExamsTests" name="test_21_verifyCorrectGradeAndCommentCorrectnessUsingPlusAnnotation">
    <skipped/>
  </testcase> <!-- test_21_verifyCorrectGradeAndCommentCorrectnessUsingPlusAnnotation -->
  <system-out/>
</testsuite> <!-- tomaGradeSanity.OnlineExamsTests -->
