<?xml version="1.0" encoding="UTF-8"?>
<!-- Generated by org.testng.reporters.JUnitReportReporter -->
<testsuite hostname="Tomax" failures="0" tests="2" name="tomaGradeSanity.LoginTests" time="12.593" errors="0" timestamp="2023-05-01T11:17:33 IDT" skipped="0">
  <testcase classname="tomaGradeSanity.LoginTests" name="test_01_verifyCredentialsAreRequired" time="1.782"/>
  <system-out/>
  <testcase classname="tomaGradeSanity.LoginTests" name="test_02_verifySuccessfulLogin" time="10.811"/>
  <system-out/>
</testsuite> <!-- tomaGradeSanity.LoginTests -->
