<?xml version="1.0" encoding="UTF-8"?>
<!-- Generated by org.testng.reporters.JUnitReportReporter -->
<testsuite hostname="Tomax" failures="0" tests="11" name="tomaGradeSanity.HomeScreenContentTests" time="17.429" errors="0" timestamp="2023-05-01T11:17:33 IDT" skipped="0">
  <testcase classname="tomaGradeSanity.HomeScreenContentTests" name="test_01_verifyLastConnectionDetailsAreDisplayed" time="0.055"/>
  <system-out/>
  <testcase classname="tomaGradeSanity.HomeScreenContentTests" name="test_02_verifyTomaxImageIsDisplayed" time="0.041"/>
  <system-out/>
  <testcase classname="tomaGradeSanity.HomeScreenContentTests" name="test_03_verifyActionsButtonsAreAvailable" time="0.292"/>
  <system-out/>
  <testcase classname="tomaGradeSanity.HomeScreenContentTests" name="test_04_verifyActionsButtonsHiddenText" time="0.103"/>
  <system-out/>
  <testcase classname="tomaGradeSanity.HomeScreenContentTests" name="test_05_verifyTopTabsAvailabilityAndContent" time="0.404"/>
  <system-out/>
  <testcase classname="tomaGradeSanity.HomeScreenContentTests" name="test_06_verifySelectedCourseDetails" time="14.938"/>
  <system-out/>
  <testcase classname="tomaGradeSanity.HomeScreenContentTests" name="test_07_verifySelectedCourseTopLeftDetails" time="0.045"/>
  <system-out/>
  <testcase classname="tomaGradeSanity.HomeScreenContentTests" name="test_08_verifyNumOfSelectedExams" time="0.039"/>
  <system-out/>
  <testcase classname="tomaGradeSanity.HomeScreenContentTests" name="test_09_verifyProcessStepsAreDisplayed" time="0.142"/>
  <system-out/>
  <testcase classname="tomaGradeSanity.HomeScreenContentTests" name="test_10_verifyEachProcessStepStatus" time="0.056"/>
  <system-out/>
  <testcase classname="tomaGradeSanity.HomeScreenContentTests" name="test_11_verifyOtherOperationMenuOptions" time="1.314"/>
  <system-out/>
</testsuite> <!-- tomaGradeSanity.HomeScreenContentTests -->
